This is XeTeX, Version 3.1415926-2.4-0.9998 (TeX Live 2012/Arch Linux) (format=xelatex 2013.4.14)  21 APR 2013 17:23
entering extended mode
 restricted \write18 enabled.
 %&-line parsing enabled.
**fyp
(./fyp.tex
LaTeX2e <2011/06/27>
Babel <v3.8m> and hyphenation patterns for english, dumylang, nohyphenation, ge
rman-x-2012-05-30, ngerman-x-2012-05-30, afrikaans, ancientgreek, ibycus, arabi
c, armenian, basque, bulgarian, catalan, pinyin, coptic, croatian, czech, danis
h, dutch, ukenglish, usenglishmax, esperanto, estonian, ethiopic, farsi, finnis
h, french, friulan, galician, german, ngerman, swissgerman, monogreek, greek, h
ungarian, icelandic, assamese, bengali, gujarati, hindi, kannada, malayalam, ma
rathi, oriya, panjabi, tamil, telugu, indonesian, interlingua, irish, italian, 
kurmanji, latin, latvian, lithuanian, mongolian, mongolianlmc, bokmal, nynorsk,
 polish, portuguese, romanian, romansh, russian, sanskrit, serbian, serbianc, s
lovak, slovenian, spanish, swedish, turkish, turkmen, ukrainian, uppersorbian, 
welsh, loaded.
(/usr/share/texmf-dist/tex/latex/base/article.cls
Document Class: article 2007/10/19 v1.4h Standard LaTeX document class
(/usr/share/texmf-dist/tex/latex/base/size11.clo
File: size11.clo 2007/10/19 v1.4h Standard LaTeX file (size option)
)
\c@part=\count80
\c@section=\count81
\c@subsection=\count82
\c@subsubsection=\count83
\c@paragraph=\count84
\c@subparagraph=\count85
\c@figure=\count86
\c@table=\count87
\abovecaptionskip=\skip41
\belowcaptionskip=\skip42
\bibindent=\dimen102
)
(/usr/share/texmf-dist/tex/latex/cite/cite.sty
LaTeX Info: Redefining \cite on input line 302.
LaTeX Info: Redefining \nocite on input line 373.
Package: cite 2010/09/10  v 5.3
)
(/usr/share/texmf-dist/tex/latex/fancyhdr/fancyhdr.sty
\fancy@headwidth=\skip43
\f@ncyO@elh=\skip44
\f@ncyO@erh=\skip45
\f@ncyO@olh=\skip46
\f@ncyO@orh=\skip47
\f@ncyO@elf=\skip48
\f@ncyO@erf=\skip49
\f@ncyO@olf=\skip50
\f@ncyO@orf=\skip51
)
(/usr/share/texmf-dist/tex/latex/tools/verbatim.sty
Package: verbatim 2003/08/22 v1.5q LaTeX2e package for verbatim enhancements
\every@verbatim=\toks14
\verbatim@line=\toks15
\verbatim@in@stream=\read1
)
(/usr/share/texmf-dist/tex/latex/graphics/graphicx.sty
Package: graphicx 1999/02/16 v1.0f Enhanced LaTeX Graphics (DPC,SPQR)

(/usr/share/texmf-dist/tex/latex/graphics/keyval.sty
Package: keyval 1999/03/16 v1.13 key=value parser (DPC)
\KV@toks@=\toks16
)
(/usr/share/texmf-dist/tex/latex/graphics/graphics.sty
Package: graphics 2009/02/05 v1.0o Standard LaTeX Graphics (DPC,SPQR)

(/usr/share/texmf-dist/tex/latex/graphics/trig.sty
Package: trig 1999/03/16 v1.09 sin cos tan (DPC)
)
(/usr/share/texmf-dist/tex/latex/latexconfig/graphics.cfg
File: graphics.cfg 2010/04/23 v1.9 graphics configuration of TeX Live
)
Package graphics Info: Driver file: xetex.def on input line 91.

(/usr/share/texmf-dist/tex/xelatex/xetex-def/xetex.def
File: xetex.def 2009/11/22 v0.94 LaTeX color/graphics driver for XeTeX (RRM/JK)

))
\Gin@req@height=\dimen103
\Gin@req@width=\dimen104
) (./fyp.aux)
\openout1 = `fyp.aux'.

LaTeX Font Info:    Checking defaults for OML/cmm/m/it on input line 13.
LaTeX Font Info:    ... okay on input line 13.
LaTeX Font Info:    Checking defaults for T1/cmr/m/n on input line 13.
LaTeX Font Info:    ... okay on input line 13.
LaTeX Font Info:    Checking defaults for OT1/cmr/m/n on input line 13.
LaTeX Font Info:    ... okay on input line 13.
LaTeX Font Info:    Checking defaults for OMS/cmsy/m/n on input line 13.
LaTeX Font Info:    ... okay on input line 13.
LaTeX Font Info:    Checking defaults for OMX/cmex/m/n on input line 13.
LaTeX Font Info:    ... okay on input line 13.
LaTeX Font Info:    Checking defaults for U/cmr/m/n on input line 13.
LaTeX Font Info:    ... okay on input line 13.

(./coverletter.tex
File: trinitycollege.pdf Graphic file (type QTm)
 <use  "trinitycollege.pdf" >

LaTeX Font Warning: Font shape `OT1/cmss/bx/it' undefined
(Font)              using `OT1/cmss/bx/n' instead on input line 18.

) [1

] (./fyp.toc
LaTeX Font Info:    External font `cmex10' loaded for size
(Font)              <10.95> on input line 5.
LaTeX Font Info:    External font `cmex10' loaded for size
(Font)              <8> on input line 5.
LaTeX Font Info:    External font `cmex10' loaded for size
(Font)              <6> on input line 5.
 [1])
\tf@toc=\write3
\openout3 = `fyp.toc'.

 [2] (./Preamble.tex) [1] (./Goal.tex) [2] [3]
(./Introduction.tex [1] [2]
Underfull \hbox (badness 10000) in paragraph at lines 129--137

 []

[3]
Underfull \hbox (badness 10000) in paragraph at lines 140--141

 []


Underfull \hbox (badness 10000) in paragraph at lines 172--180

 []

[4]
Underfull \hbox (badness 10000) in paragraph at lines 182--183

 []

[5]) [6] (./ProblemSpace.tex [7] [8] [9]) [10] (./ExistingSolutions.tex
LaTeX Font Info:    Try loading font information for OMS+cmr on input line 23.

(/usr/share/texmf-dist/tex/latex/base/omscmr.fd
File: omscmr.fd 1999/05/25 v2.5h Standard LaTeX font definitions
)
LaTeX Font Info:    Font shape `OMS/cmr/m/n' in size <10.95> not available
(Font)              Font shape `OMS/cmsy/m/n' tried instead on input line 23.
 [11] [12] [13] [14] [15]
[16]) [17] (./HighLevelDesign.tex
Overfull \hbox (5.66953pt too wide) in paragraph at lines 16--29
\OT1/cmr/m/n/10.95 The lat-ter re-quire-ment can be de-com-posed into a num-ber
 of sub-requirements.
 []

[18]
Underfull \hbox (badness 10000) in paragraph at lines 50--53

 []

[19] [20] [21]
Overfull \hbox (53.90552pt too wide) in paragraph at lines 193--193
[]        \OT1/cmtt/m/n/10.95 {ghczmprim:GHCziTypes.Izh (ds1dl1::ghczmprim:GHCz
iPrim.Intzh) ->[] 
 []


Overfull \hbox (13.6647pt too wide) in paragraph at lines 200--200
[]                 \OT1/cmtt/m/n/10.95 base:GHCziNum.zdfNumInt (main:MIdent.fac
 wildX4)[] 
 []


Overfull \hbox (71.15158pt too wide) in paragraph at lines 201--201
[]                \OT1/cmtt/m/n/10.95 (ghczmprim:GHCziTypes.Izh (1::ghczmprim:G
HCziPrim.Intzh)));[] 
 []


Overfull \hbox (76.90027pt too wide) in paragraph at lines 203--203
[]                 \OT1/cmtt/m/n/10.95 ghczmprim:GHCziTypes.Izh (1::ghczmprim:G
HCziPrim.Intzh)}}};[] 
 []

[22] [23] [24] [25] [26] [27] [28]) [29] (./Implementation.tex [30] [31]
[32] [33] [34] [35] [36]
Overfull \hbox (8.60988pt too wide) in paragraph at lines 348--361
\OT1/cmr/m/n/10.95 such as nodes, in-struc-tions etc. As there is no such con-c
ept in JavaScript,
 []


Overfull \hbox (4.71652pt too wide) in paragraph at lines 348--361
\OT1/cmr/m/n/10.95 we again need to find a new way to rep-re-sent these val-ues
. In JavaScript,
 []

[37]
Overfull \hbox (99.89502pt too wide) in paragraph at lines 428--428
[]\OT1/cmtt/m/n/10.95 3:new NGlobal(1,[new Push(0),new Eval(),new Update(1),new
 Pop(1),new Unwind()]),[] 
 []


Overfull \hbox (381.58072pt too wide) in paragraph at lines 429--429
[]\OT1/cmtt/m/n/10.95 2:new NGlobal(0,[new PushInt(2),new PushInt(1),new PushGl
obal("K"),new Mkap(),new Mkap(),new Update(0),new Pop(0),new Unwind()]),[] 
 []


Overfull \hbox (99.89502pt too wide) in paragraph at lines 430--430
[]\OT1/cmtt/m/n/10.95 1:new NGlobal(2,[new Push(0),new Eval(),new Update(2),new
 Pop(2),new Unwind()])}[] 
 []

[38]
Overfull \hbox (36.65945pt too wide) in paragraph at lines 435--435
[]\OT1/cmtt/m/n/10.95 var GmState = [GmOutput, GmCode, GmStack, GmDump, GmHeap,
 GmGlobals];[] 
 []

) [39] (./Evaluation.tex) [40] (./Conclusions.tex) (./fyp.bbl) [41] (./fyp.aux)

LaTeX Font Warning: Some font shapes were not available, defaults substituted.

 ) 
Here is how much of TeX's memory you used:
 887 strings out of 494004
 10578 string characters out of 3155736
 62686 words of memory out of 3000000
 4152 multiletter control sequences out of 15000+200000
 9916 words of font info for 35 fonts, out of 3000000 for 9000
 1144 hyphenation exceptions out of 8191
 25i,5n,43p,720b,255s stack positions out of 5000i,500n,10000p,200000b,50000s

Output written on fyp.pdf (47 pages).
